<?xml version="1.0" encoding="UTF-8"?>
<robot generator="Robot 3.1.2 (Python 3.8.5 on win32)" generated="20210925 19:02:11.626" rpa="false">
<suite id="s1" name="1" source="C:\Users\PosIT\Desktop\Project\RobotTest\1.robot">
<test id="s1-t1" name="gotogoogle.com">
<kw name="Evaluate" library="BuiltIn">
<doc>Evaluates the given expression in Python and returns the results.</doc>
<arguments>
<arg>sys.modules['selenium.webdriver.chrome.options'].Options()</arg>
<arg>sys</arg>
</arguments>
<assign>
<var>${options}</var>
</assign>
<msg timestamp="20210925 19:02:11.853" level="INFO">${options} = &lt;selenium.webdriver.chrome.options.Options object at 0x00000232F05F43D0&gt;</msg>
<status status="PASS" starttime="20210925 19:02:11.853" endtime="20210925 19:02:11.853"></status>
</kw>
<kw name="Call Method" library="BuiltIn">
<doc>Calls the named method of the given object with the provided arguments.</doc>
<arguments>
<arg>${options}</arg>
<arg>add_argument</arg>
<arg>--disable-notifications</arg>
</arguments>
<status status="PASS" starttime="20210925 19:02:11.853" endtime="20210925 19:02:11.853"></status>
</kw>
<kw name="Create Webdriver" library="Selenium2Library">
<doc>Creates an instance of Selenium WebDriver.</doc>
<arguments>
<arg>Chrome</arg>
<arg>options=${options}</arg>
</arguments>
<assign>
<var>${driver}</var>
</assign>
<msg timestamp="20210925 19:02:11.854" level="INFO">Creating an instance of the Chrome WebDriver.</msg>
<msg timestamp="20210925 19:02:13.175" level="INFO">${driver} = 1</msg>
<status status="PASS" starttime="20210925 19:02:11.854" endtime="20210925 19:02:13.175"></status>
</kw>
<kw name="Go To" library="Selenium2Library">
<doc>Navigates the current browser window to the provided ``url``.</doc>
<arguments>
<arg>https://www.google.co.th/?hl=th</arg>
</arguments>
<msg timestamp="20210925 19:02:13.176" level="INFO">Opening url 'https://www.google.co.th/?hl=th'</msg>
<status status="PASS" starttime="20210925 19:02:13.176" endtime="20210925 19:02:14.372"></status>
</kw>
<kw name="Maximize Browser Window" library="Selenium2Library">
<doc>Maximizes current browser window.</doc>
<status status="PASS" starttime="20210925 19:02:14.372" endtime="20210925 19:02:14.504"></status>
</kw>
<kw name="Set Selenium Speed" library="Selenium2Library">
<doc>Sets the delay that is waited after each Selenium command.</doc>
<arguments>
<arg>0.4 seconds</arg>
</arguments>
<status status="PASS" starttime="20210925 19:02:14.504" endtime="20210925 19:02:14.504"></status>
</kw>
<status status="PASS" starttime="20210925 19:02:11.852" endtime="20210925 19:02:14.505" critical="yes"></status>
</test>
<test id="s1-t2" name="ค้นหาFace">
<kw name="Input Text" library="Selenium2Library">
<doc>Types the given ``text`` into the text field identified by ``locator``.</doc>
<arguments>
<arg>name=q</arg>
<arg>${test_fb}</arg>
</arguments>
<msg timestamp="20210925 19:02:14.505" level="INFO">Typing text 'facebook' into text field 'name=q'.</msg>
<status status="PASS" starttime="20210925 19:02:14.505" endtime="20210925 19:02:15.858"></status>
</kw>
<status status="PASS" starttime="20210925 19:02:14.505" endtime="20210925 19:02:15.858" critical="yes"></status>
</test>
<test id="s1-t3" name="Presskeysearch">
<kw name="Click Button" library="Selenium2Library">
<doc>Clicks the button identified by ``locator``.</doc>
<arguments>
<arg>name=btnK</arg>
</arguments>
<msg timestamp="20210925 19:02:15.859" level="INFO">Clicking button 'name=btnK'.</msg>
<status status="PASS" starttime="20210925 19:02:15.859" endtime="20210925 19:02:19.282"></status>
</kw>
<status status="PASS" starttime="20210925 19:02:15.858" endtime="20210925 19:02:19.282" critical="yes"></status>
</test>
<test id="s1-t4" name="gotoFacebook">
<kw name="Click Element" library="Selenium2Library">
<doc>Click the element identified by ``locator``.</doc>
<arguments>
<arg>//h3[@class="LC20lb DKV0Md"]</arg>
</arguments>
<msg timestamp="20210925 19:02:19.283" level="INFO">Clicking element '//h3[@class="LC20lb DKV0Md"]'.</msg>
<status status="PASS" starttime="20210925 19:02:19.283" endtime="20210925 19:02:20.989"></status>
</kw>
<status status="PASS" starttime="20210925 19:02:19.283" endtime="20210925 19:02:20.989" critical="yes"></status>
</test>
<test id="s1-t5" name="loginId">
<kw name="Input Text" library="Selenium2Library">
<doc>Types the given ``text`` into the text field identified by ``locator``.</doc>
<arguments>
<arg>name=email</arg>
<arg>${ID}</arg>
</arguments>
<msg timestamp="20210925 19:02:20.990" level="INFO">Typing text 's6035512078@phuket.psu.ac.th' into text field 'name=email'.</msg>
<status status="PASS" starttime="20210925 19:02:20.990" endtime="20210925 19:02:22.319"></status>
</kw>
<status status="PASS" starttime="20210925 19:02:20.990" endtime="20210925 19:02:22.319" critical="yes"></status>
</test>
<test id="s1-t6" name="loginPass">
<kw name="Input Text" library="Selenium2Library">
<doc>Types the given ``text`` into the text field identified by ``locator``.</doc>
<arguments>
<arg>name=pass</arg>
<arg>${Pass}</arg>
</arguments>
<msg timestamp="20210925 19:02:22.321" level="INFO">Typing text '-Kriengsak100123' into text field 'name=pass'.</msg>
<status status="PASS" starttime="20210925 19:02:22.321" endtime="20210925 19:02:23.649"></status>
</kw>
<kw name="Click Button" library="Selenium2Library">
<doc>Clicks the button identified by ``locator``.</doc>
<arguments>
<arg>name=login</arg>
</arguments>
<msg timestamp="20210925 19:02:23.649" level="INFO">Clicking button 'name=login'.</msg>
<status status="PASS" starttime="20210925 19:02:23.649" endtime="20210925 19:02:25.760"></status>
</kw>
<status status="PASS" starttime="20210925 19:02:22.320" endtime="20210925 19:02:25.760" critical="yes"></status>
</test>
<test id="s1-t7" name="Postpage">
<kw name="Go To" library="Selenium2Library">
<doc>Navigates the current browser window to the provided ``url``.</doc>
<arguments>
<arg>https://www.facebook.com/TestMarket-104244495036936</arg>
</arguments>
<msg timestamp="20210925 19:02:25.761" level="INFO">Opening url 'https://www.facebook.com/TestMarket-104244495036936'</msg>
<status status="PASS" starttime="20210925 19:02:25.761" endtime="20210925 19:02:31.858"></status>
</kw>
<kw name="Click Element" library="Selenium2Library">
<doc>Click the element identified by ``locator``.</doc>
<arguments>
<arg>//div[@class="buofh1pr"]</arg>
</arguments>
<msg timestamp="20210925 19:02:31.858" level="INFO">Clicking element '//div[@class="buofh1pr"]'.</msg>
<status status="PASS" starttime="20210925 19:02:31.858" endtime="20210925 19:02:32.896"></status>
</kw>
<kw name="Sleep" library="BuiltIn">
<doc>Pauses the test executed for the given time.</doc>
<arguments>
<arg>3s</arg>
</arguments>
<msg timestamp="20210925 19:02:35.899" level="INFO">Slept 3 seconds</msg>
<status status="PASS" starttime="20210925 19:02:32.896" endtime="20210925 19:02:35.899"></status>
</kw>
<status status="PASS" starttime="20210925 19:02:25.760" endtime="20210925 19:02:35.900" critical="yes"></status>
</test>
<test id="s1-t8" name="PressV">
<kw name="Press Keys" library="Selenium2Library">
<doc>Simulates the user pressing key(s) to an element or on the active browser.</doc>
<arguments>
<arg>none</arg>
<arg>CTRL+v</arg>
</arguments>
<msg timestamp="20210925 19:02:35.901" level="INFO">Sending key(s) ('CTRL+v',) to page.</msg>
<msg timestamp="20210925 19:02:35.901" level="INFO">Pressing special key CONTROL down.</msg>
<msg timestamp="20210925 19:02:35.901" level="INFO">Sending key v</msg>
<msg timestamp="20210925 19:02:35.901" level="INFO">Releasing special key CONTROL.</msg>
<status status="PASS" starttime="20210925 19:02:35.900" endtime="20210925 19:02:36.481"></status>
</kw>
<kw name="Click Element" library="Selenium2Library">
<doc>Click the element identified by ``locator``.</doc>
<arguments>
<arg>//div[@class="rq0escxv l9j0dhe7 du4w35lb j83agx80 pfnyh3mw taijpn5t bp9cbjyn owycx6da btwxx1t3 kt9q3ron ak7q8e6j isp2s0ed ri5dt5u2 rt8b4zig n8ej3o3l agehan2d sk4xxmp2 d1544ag0 tw6a2znq s1i5eluu tv7at329"]</arg>
</arguments>
<msg timestamp="20210925 19:02:36.481" level="INFO">Clicking element '//div[@class="rq0escxv l9j0dhe7 du4w35lb j83agx80 pfnyh3mw taijpn5t bp9cbjyn owycx6da btwxx1t3 kt9q3ron ak7q8e6j isp2s0ed ri5dt5u2 rt8b4zig n8ej3o3l agehan2d sk4xxmp2 d1544ag0 tw6a2znq s1i5eluu tv7at329"]'.</msg>
<status status="PASS" starttime="20210925 19:02:36.481" endtime="20210925 19:02:37.397"></status>
</kw>
<kw name="Set Selenium Speed" library="Selenium2Library">
<doc>Sets the delay that is waited after each Selenium command.</doc>
<arguments>
<arg>0.4 seconds</arg>
</arguments>
<status status="PASS" starttime="20210925 19:02:37.397" endtime="20210925 19:02:37.397"></status>
</kw>
<status status="PASS" starttime="20210925 19:02:35.900" endtime="20210925 19:02:37.397" critical="yes"></status>
</test>
<status status="PASS" starttime="20210925 19:02:11.628" endtime="20210925 19:02:37.398"></status>
</suite>
<statistics>
<total>
<stat pass="8" fail="0">Critical Tests</stat>
<stat pass="8" fail="0">All Tests</stat>
</total>
<tag>
</tag>
<suite>
<stat pass="8" fail="0" id="s1" name="1">1</stat>
</suite>
</statistics>
<errors>
</errors>
</robot>
